<?xml version="1.0" encoding="UTF-8"?>
<!-- Generated by org.testng.reporters.JUnitReportReporter -->
<testsuite hostname="V-DEV0242" name="TestScripts.TC023_PhoneNotes" tests="1" failures="0" timestamp="11 Oct 2017 12:52:21 GMT" time="82.278" errors="0">
  <testcase name="tc023" time="82.278" classname="TestScripts.TC023_PhoneNotes"/>
</testsuite> <!-- TestScripts.TC023_PhoneNotes -->
