<?xml version="1.0" encoding="UTF-8"?>
<!-- Generated by org.testng.reporters.JUnitReportReporter -->
<testsuite hostname="V-DEV0260" name="testscripts.ACS_Testscript" tests="1" failures="0" timestamp="26 Jul 2017 13:35:48 GMT" time="124.498" errors="0">
  <testcase name="tc01" time="124.498" classname="testscripts.ACS_Testscript"/>
</testsuite> <!-- testscripts.ACS_Testscript -->
